<?xml version="1.0" encoding="UTF-8"?>
<!-- Generated by org.testng.reporters.JUnitReportReporter -->
<testsuite hostname="DINESHMURUGAIN" failures="0" tests="6" name="runners.Cucumber_Runner" time="115.425" errors="0" timestamp="2024-08-23T12:04:21 IST" skipped="0">
  <testcase classname="runners.Cucumber_Runner" name="runScenario" time="16.545"/>
  <testcase classname="runners.Cucumber_Runner" name="runScenario" time="17.586"/>
  <testcase classname="runners.Cucumber_Runner" name="runScenario" time="26.621"/>
  <testcase classname="runners.Cucumber_Runner" name="runScenario" time="24.006"/>
  <testcase classname="runners.Cucumber_Runner" name="runScenario" time="15.373"/>
  <testcase classname="runners.Cucumber_Runner" name="runScenario" time="15.294"/>
</testsuite> <!-- runners.Cucumber_Runner -->
